[18-08-2024 22:35:12] PayPal\Core\PayPalHttpConnection : INFO: POST https://api.sandbox.paypal.com/v1/oauth2/token
[18-08-2024 22:35:12] PayPal\Core\PayPalHttpConnection : INFO: Response Status 	: 200
[18-08-2024 22:35:12] PayPal\Core\PayPalHttpConnection : INFO: POST https://api.sandbox.paypal.com/v1/payments/payment
[18-08-2024 22:35:13] PayPal\Core\PayPalHttpConnection : INFO: Response Status 	: 400
[18-08-2024 22:35:13] PayPal\Core\PayPalHttpConnection : ERROR: Got Http response code 400 when accessing https://api.sandbox.paypal.com/v1/payments/payment. {"name":"VALIDATION_ERROR","message":"Invalid request - see details","debug_id":"9d72b6cc3b04f","information_link":"https://developer.paypal.com/docs/api/payments/#errors","details":[{"field":"/transactions/0/amount","location":"body","issue":"Cannot construct instance of `com.paypal.platform.payments.model.rest.common.Amount` (although at least one Creator exists): no String-argument constructor/factory method to deserialize from String value ('2000')"}]}
[18-08-2024 22:35:31] PayPal\Core\PayPalHttpConnection : INFO: POST https://api.sandbox.paypal.com/v1/oauth2/token
[18-08-2024 22:35:32] PayPal\Core\PayPalHttpConnection : INFO: Response Status 	: 200
[18-08-2024 22:35:32] PayPal\Core\PayPalHttpConnection : INFO: POST https://api.sandbox.paypal.com/v1/payments/payment
[18-08-2024 22:35:32] PayPal\Core\PayPalHttpConnection : INFO: Response Status 	: 400
[18-08-2024 22:35:32] PayPal\Core\PayPalHttpConnection : ERROR: Got Http response code 400 when accessing https://api.sandbox.paypal.com/v1/payments/payment. {"name":"VALIDATION_ERROR","message":"Invalid request - see details","debug_id":"53b0ee41adda4","information_link":"https://developer.paypal.com/docs/api/payments/#errors","details":[{"field":"/transactions/0/amount","location":"body","issue":"Cannot construct instance of `com.paypal.platform.payments.model.rest.common.Amount` (although at least one Creator exists): no int/Int-argument constructor/factory method to deserialize from Number value (2000)"}]}
[18-08-2024 22:35:42] PayPal\Core\PayPalHttpConnection : INFO: POST https://api.sandbox.paypal.com/v1/oauth2/token
[18-08-2024 22:35:42] PayPal\Core\PayPalHttpConnection : INFO: Response Status 	: 200
[18-08-2024 22:35:42] PayPal\Core\PayPalHttpConnection : INFO: POST https://api.sandbox.paypal.com/v1/payments/payment
[18-08-2024 22:35:43] PayPal\Core\PayPalHttpConnection : INFO: Response Status 	: 201
[18-08-2024 22:37:45] PayPal\Core\PayPalHttpConnection : INFO: POST https://api.sandbox.paypal.com/v1/oauth2/token
[18-08-2024 22:37:45] PayPal\Core\PayPalHttpConnection : INFO: Response Status 	: 200
[18-08-2024 22:37:45] PayPal\Core\PayPalHttpConnection : INFO: POST https://api.sandbox.paypal.com/v1/payments/payment
[18-08-2024 22:37:46] PayPal\Core\PayPalHttpConnection : INFO: Response Status 	: 201
[18-08-2024 23:01:15] PayPal\Core\PayPalHttpConnection : INFO: POST https://api.sandbox.paypal.com/v1/oauth2/token
[18-08-2024 23:01:16] PayPal\Core\PayPalHttpConnection : INFO: Response Status 	: 200
[18-08-2024 23:01:16] PayPal\Core\PayPalHttpConnection : INFO: POST https://api.sandbox.paypal.com/v1/payments/payment
[18-08-2024 23:01:17] PayPal\Core\PayPalHttpConnection : INFO: Response Status 	: 400
[18-08-2024 23:01:17] PayPal\Core\PayPalHttpConnection : ERROR: Got Http response code 400 when accessing https://api.sandbox.paypal.com/v1/payments/payment. {"name":"INTERNAL_SERVICE_ERROR","message":"An internal service error has occurred","debug_id":"09764ab189abe","information_link":"https://developer.paypal.com/docs/api/payments/#errors","details":[]}
[18-08-2024 23:01:26] PayPal\Core\PayPalHttpConnection : INFO: POST https://api.sandbox.paypal.com/v1/oauth2/token
[18-08-2024 23:01:26] PayPal\Core\PayPalHttpConnection : INFO: Response Status 	: 200
[18-08-2024 23:01:26] PayPal\Core\PayPalHttpConnection : INFO: POST https://api.sandbox.paypal.com/v1/payments/payment
[18-08-2024 23:01:28] PayPal\Core\PayPalHttpConnection : INFO: Response Status 	: 201
[18-08-2024 23:03:10] PayPal\Core\PayPalHttpConnection : INFO: POST https://api.sandbox.paypal.com/v1/oauth2/token
[18-08-2024 23:03:11] PayPal\Core\PayPalHttpConnection : INFO: Response Status 	: 200
[18-08-2024 23:03:11] PayPal\Core\PayPalHttpConnection : INFO: POST https://api.sandbox.paypal.com/v1/payments/payment
[18-08-2024 23:03:12] PayPal\Core\PayPalHttpConnection : INFO: Response Status 	: 201
[18-08-2024 23:03:38] PayPal\Core\PayPalHttpConnection : INFO: POST https://api.sandbox.paypal.com/v1/oauth2/token
[18-08-2024 23:03:39] PayPal\Core\PayPalHttpConnection : INFO: Response Status 	: 200
[18-08-2024 23:03:39] PayPal\Core\PayPalHttpConnection : INFO: GET https://api.sandbox.paypal.com/v1/payments/payment/PAYID-M3BGDEI5NA297704R240030E
[18-08-2024 23:03:39] PayPal\Core\PayPalHttpConnection : INFO: Response Status 	: 200
[18-08-2024 23:03:39] PayPal\Core\PayPalHttpConnection : INFO: POST https://api.sandbox.paypal.com/v1/payments/payment/PAYID-M3BGDEI5NA297704R240030E/execute
[18-08-2024 23:03:41] PayPal\Core\PayPalHttpConnection : INFO: Response Status 	: 200
[18-08-2024 23:04:03] PayPal\Core\PayPalHttpConnection : INFO: POST https://api.sandbox.paypal.com/v1/oauth2/token
[18-08-2024 23:04:04] PayPal\Core\PayPalHttpConnection : INFO: Response Status 	: 200
[18-08-2024 23:04:04] PayPal\Core\PayPalHttpConnection : INFO: POST https://api.sandbox.paypal.com/v1/payments/payment
[18-08-2024 23:04:05] PayPal\Core\PayPalHttpConnection : INFO: Response Status 	: 201
[18-08-2024 23:04:42] PayPal\Core\PayPalHttpConnection : INFO: POST https://api.sandbox.paypal.com/v1/oauth2/token
[18-08-2024 23:04:43] PayPal\Core\PayPalHttpConnection : INFO: Response Status 	: 200
[18-08-2024 23:04:43] PayPal\Core\PayPalHttpConnection : INFO: GET https://api.sandbox.paypal.com/v1/payments/payment/PAYID-M3BGDRI14V273419H8038003
[18-08-2024 23:04:44] PayPal\Core\PayPalHttpConnection : INFO: Response Status 	: 200
[18-08-2024 23:04:44] PayPal\Core\PayPalHttpConnection : INFO: POST https://api.sandbox.paypal.com/v1/payments/payment/PAYID-M3BGDRI14V273419H8038003/execute
[18-08-2024 23:04:45] PayPal\Core\PayPalHttpConnection : INFO: Response Status 	: 200
[18-08-2024 23:07:18] PayPal\Core\PayPalHttpConnection : INFO: POST https://api.sandbox.paypal.com/v1/oauth2/token
[18-08-2024 23:07:19] PayPal\Core\PayPalHttpConnection : INFO: Response Status 	: 200
[18-08-2024 23:07:19] PayPal\Core\PayPalHttpConnection : INFO: POST https://api.sandbox.paypal.com/v1/payments/payment
[18-08-2024 23:07:21] PayPal\Core\PayPalHttpConnection : INFO: Response Status 	: 201
[18-08-2024 23:12:15] PayPal\Core\PayPalHttpConnection : INFO: POST https://api.sandbox.paypal.com/v1/oauth2/token
[18-08-2024 23:12:15] PayPal\Core\PayPalHttpConnection : INFO: Response Status 	: 200
[18-08-2024 23:12:15] PayPal\Core\PayPalHttpConnection : INFO: GET https://api.sandbox.paypal.com/v1/payments/payment/EC-8V311007CB089271B
[18-08-2024 23:12:16] PayPal\Core\PayPalHttpConnection : INFO: Response Status 	: 404
[18-08-2024 23:12:16] PayPal\Core\PayPalHttpConnection : ERROR: Got Http response code 404 when accessing https://api.sandbox.paypal.com/v1/payments/payment/EC-8V311007CB089271B. {"name":"INVALID_RESOURCE_ID","message":"Requested resource ID was not found.","information_link":"https://developer.paypal.com/docs/api/payments/#errors","debug_id":"a069af1c4d1f9"}
[18-08-2024 23:12:33] PayPal\Core\PayPalHttpConnection : INFO: POST https://api.sandbox.paypal.com/v1/oauth2/token
[18-08-2024 23:12:34] PayPal\Core\PayPalHttpConnection : INFO: Response Status 	: 200
[18-08-2024 23:12:34] PayPal\Core\PayPalHttpConnection : INFO: GET https://api.sandbox.paypal.com/v1/payments/payment/EC-8V311007CB089271B
[18-08-2024 23:12:34] PayPal\Core\PayPalHttpConnection : INFO: Response Status 	: 404
[18-08-2024 23:12:34] PayPal\Core\PayPalHttpConnection : ERROR: Got Http response code 404 when accessing https://api.sandbox.paypal.com/v1/payments/payment/EC-8V311007CB089271B. {"name":"INVALID_RESOURCE_ID","message":"Requested resource ID was not found.","information_link":"https://developer.paypal.com/docs/api/payments/#errors","debug_id":"b4d436a2c683a"}
[18-08-2024 23:12:34] PayPal\Core\PayPalHttpConnection : INFO: POST https://api.sandbox.paypal.com/v1/oauth2/token
[18-08-2024 23:12:35] PayPal\Core\PayPalHttpConnection : INFO: Response Status 	: 200
[18-08-2024 23:12:35] PayPal\Core\PayPalHttpConnection : INFO: GET https://api.sandbox.paypal.com/v1/payments/payment/EC-8V311007CB089271B
[18-08-2024 23:12:36] PayPal\Core\PayPalHttpConnection : INFO: Response Status 	: 404
[18-08-2024 23:12:36] PayPal\Core\PayPalHttpConnection : ERROR: Got Http response code 404 when accessing https://api.sandbox.paypal.com/v1/payments/payment/EC-8V311007CB089271B. {"name":"INVALID_RESOURCE_ID","message":"Requested resource ID was not found.","information_link":"https://developer.paypal.com/docs/api/payments/#errors","debug_id":"87dd527cc834f"}
[18-08-2024 23:13:23] PayPal\Core\PayPalHttpConnection : INFO: POST https://api.paypal.com/v1/oauth2/token
[18-08-2024 23:13:24] PayPal\Core\PayPalHttpConnection : INFO: Response Status 	: 401
[18-08-2024 23:13:24] PayPal\Core\PayPalHttpConnection : ERROR: Got Http response code 401 when accessing https://api.paypal.com/v1/oauth2/token. {"error":"invalid_client","error_description":"Client Authentication failed"}
[18-08-2024 23:16:05] PayPal\Core\PayPalHttpConnection : INFO: POST https://api.paypal.com/v1/oauth2/token
[18-08-2024 23:16:05] PayPal\Core\PayPalHttpConnection : INFO: Response Status 	: 200
[18-08-2024 23:16:05] PayPal\Core\PayPalHttpConnection : INFO: POST https://api.paypal.com/v1/payments/payment
[18-08-2024 23:16:06] PayPal\Core\PayPalHttpConnection : INFO: Response Status 	: 201
[18-08-2024 23:18:22] PayPal\Core\PayPalHttpConnection : INFO: POST https://api.sandbox.paypal.com/v1/oauth2/token
[18-08-2024 23:18:23] PayPal\Core\PayPalHttpConnection : INFO: Response Status 	: 200
[18-08-2024 23:18:23] PayPal\Core\PayPalHttpConnection : INFO: POST https://api.sandbox.paypal.com/v1/payments/payment
[18-08-2024 23:18:24] PayPal\Core\PayPalHttpConnection : INFO: Response Status 	: 201
[18-08-2024 23:18:35] PayPal\Core\PayPalHttpConnection : INFO: POST https://api.paypal.com/v1/oauth2/token
[18-08-2024 23:18:36] PayPal\Core\PayPalHttpConnection : INFO: Response Status 	: 200
[18-08-2024 23:18:36] PayPal\Core\PayPalHttpConnection : INFO: POST https://api.paypal.com/v1/payments/payment
[18-08-2024 23:18:36] PayPal\Core\PayPalHttpConnection : INFO: Response Status 	: 201
